2024-04-10 11:42:03.823 | INFO     | __main__:download_new_or_updated_files:65 - Found the following file: CLT27001
2024-04-10 11:42:03.824 | INFO     | __main__:download_new_or_updated_files:66 - Size of the file is: 23145 bytes
2024-04-10 11:42:03.825 | INFO     | __main__:download_new_or_updated_files:79 - New file found on the server, downloading...
2024-04-10 11:42:04.676 | INFO     | __main__:download_new_or_updated_files:65 - Found the following file: FMAC
2024-04-10 11:42:04.677 | INFO     | __main__:download_new_or_updated_files:66 - Size of the file is: 522 bytes
2024-04-10 11:42:04.677 | INFO     | __main__:download_new_or_updated_files:79 - New file found on the server, downloading...
2024-04-10 11:42:05.329 | INFO     | __main__:download_new_or_updated_files:65 - Found the following file: JJ _PartyRoles_20240410050021.csv
2024-04-10 11:42:05.330 | INFO     | __main__:download_new_or_updated_files:66 - Size of the file is: 12540 bytes
2024-04-10 11:42:05.330 | INFO     | __main__:download_new_or_updated_files:79 - New file found on the server, downloading...
2024-04-10 11:42:05.959 | INFO     | __main__:download_new_or_updated_files:65 - Found the following file: JJ _PartyRoles_20240410050557.csv
2024-04-10 11:42:05.960 | INFO     | __main__:download_new_or_updated_files:66 - Size of the file is: 12540 bytes
2024-04-10 11:42:05.960 | INFO     | __main__:download_new_or_updated_files:79 - New file found on the server, downloading...
2024-04-10 11:42:06.591 | INFO     | __main__:download_new_or_updated_files:65 - Found the following file: VRR50AJJ100402022.TXT
2024-04-10 11:42:06.591 | INFO     | __main__:download_new_or_updated_files:66 - Size of the file is: 216 bytes
2024-04-10 11:42:06.592 | INFO     | __main__:download_new_or_updated_files:79 - New file found on the server, downloading...
2024-04-10 11:42:07.221 | INFO     | __main__:download_new_or_updated_files:65 - Found the following file: VRR50CJJ100402022.TXT
2024-04-10 11:42:07.221 | INFO     | __main__:download_new_or_updated_files:66 - Size of the file is: 230 bytes
2024-04-10 11:42:07.222 | INFO     | __main__:download_new_or_updated_files:79 - New file found on the server, downloading...
2024-04-10 11:42:07.854 | INFO     | __main__:download_new_or_updated_files:65 - Found the following file: VRR51CJJ100402021001.TXT
2024-04-10 11:42:07.854 | INFO     | __main__:download_new_or_updated_files:66 - Size of the file is: 239 bytes
2024-04-10 11:42:07.855 | INFO     | __main__:download_new_or_updated_files:79 - New file found on the server, downloading...
2024-04-10 11:42:08.488 | INFO     | __main__:download_new_or_updated_files:58 - Found the following directory: zip
